[2023/10/06 08:51:50] root INFO: Architecture : 
[2023/10/06 08:51:50] root INFO:     Backbone : 
[2023/10/06 08:51:50] root INFO:         layers : 50
[2023/10/06 08:51:50] root INFO:         name : ResNet_SAST
[2023/10/06 08:51:50] root INFO:     Head : 
[2023/10/06 08:51:50] root INFO:         name : SASTHead
[2023/10/06 08:51:50] root INFO:     Neck : 
[2023/10/06 08:51:50] root INFO:         name : SASTFPN
[2023/10/06 08:51:50] root INFO:         with_cab : True
[2023/10/06 08:51:51] root INFO:     Transform : None
[2023/10/06 08:51:51] root INFO:     algorithm : SAST
[2023/10/06 08:51:51] root INFO:     model_type : det
[2023/10/06 08:51:51] root INFO: Eval : 
[2023/10/06 08:51:51] root INFO:     dataset : 
[2023/10/06 08:51:51] root INFO:         data_dir : D:/Vietnamese_Scene_Text_Detection_and_Recognition/train/vietnamese/test_image
[2023/10/06 08:51:51] root INFO:         label_file_list : ['D:/Vietnamese_Scene_Text_Detection_and_Recognition/train/test_label.txt']
[2023/10/06 08:51:51] root INFO:         name : SimpleDataSet
[2023/10/06 08:51:51] root INFO:         transforms : 
[2023/10/06 08:51:51] root INFO:             DecodeImage : 
[2023/10/06 08:51:51] root INFO:                 channel_first : False
[2023/10/06 08:51:51] root INFO:                 img_mode : BGR
[2023/10/06 08:51:51] root INFO:             DetLabelEncode : None
[2023/10/06 08:51:51] root INFO:             DetResizeForTest : 
[2023/10/06 08:51:51] root INFO:                 resize_long : 1536
[2023/10/06 08:51:51] root INFO:             NormalizeImage : 
[2023/10/06 08:51:51] root INFO:                 mean : [0.485, 0.456, 0.406]
[2023/10/06 08:51:51] root INFO:                 order : hwc
[2023/10/06 08:51:51] root INFO:                 scale : 1./255.
[2023/10/06 08:51:51] root INFO:                 std : [0.229, 0.224, 0.225]
[2023/10/06 08:51:51] root INFO:             ToCHWImage : None
[2023/10/06 08:51:51] root INFO:             KeepKeys : 
[2023/10/06 08:51:51] root INFO:                 keep_keys : ['image', 'shape', 'polys', 'ignore_tags']
[2023/10/06 08:51:51] root INFO:     loader : 
[2023/10/06 08:51:51] root INFO:         batch_size_per_card : 1
[2023/10/06 08:51:51] root INFO:         drop_last : False
[2023/10/06 08:51:51] root INFO:         num_workers : 1
[2023/10/06 08:51:51] root INFO:         shuffle : False
[2023/10/06 08:51:51] root INFO: Global : 
[2023/10/06 08:51:51] root INFO:     cal_metric_during_train : False
[2023/10/06 08:51:51] root INFO:     checkpoints : None
[2023/10/06 08:51:51] root INFO:     debug : False
[2023/10/06 08:51:51] root INFO:     distributed : False
[2023/10/06 08:51:51] root INFO:     epoch_num : 300
[2023/10/06 08:51:51] root INFO:     eval_batch_step : [40000, 50000]
[2023/10/06 08:51:51] root INFO:     infer_img : None
[2023/10/06 08:51:51] root INFO:     log_smooth_window : 20
[2023/10/06 08:51:51] root INFO:     pretrained_model : D:/Vietnamese_Scene_Text_Detection_and_Recognition/pretrained_models/det_r50_vd_sast_icdar15_v2.0_train/best_accuracy
[2023/10/06 08:51:51] root INFO:     print_batch_step : 2
[2023/10/06 08:51:51] root INFO:     save_epoch_step : 2
[2023/10/06 08:51:51] root INFO:     save_inference_dir : D:/Vietnamese_Scene_Text_Detection_and_Recognition/inference/SAST
[2023/10/06 08:51:51] root INFO:     save_model_dir : D:/Vietnamese_Scene_Text_Detection_and_Recognition/output/SAST/
[2023/10/06 08:51:51] root INFO:     save_res_path : D:/Vietnamese_Scene_Text_Detection_and_Recognition/output/sast.txt
[2023/10/06 08:51:51] root INFO:     use_gpu : True
[2023/10/06 08:51:51] root INFO:     use_visualdl : True
[2023/10/06 08:51:51] root INFO: Loss : 
[2023/10/06 08:51:51] root INFO:     name : SASTLoss
[2023/10/06 08:51:51] root INFO: Metric : 
[2023/10/06 08:51:51] root INFO:     main_indicator : hmean
[2023/10/06 08:51:51] root INFO:     name : DetMetric
[2023/10/06 08:51:51] root INFO: Optimizer : 
[2023/10/06 08:51:51] root INFO:     beta1 : 0.9
[2023/10/06 08:51:51] root INFO:     beta2 : 0.999
[2023/10/06 08:51:51] root INFO:     lr : 
[2023/10/06 08:51:51] root INFO:         learning_rate : 0.001
[2023/10/06 08:51:51] root INFO:     name : Adam
[2023/10/06 08:51:51] root INFO:     regularizer : 
[2023/10/06 08:51:51] root INFO:         factor : 0
[2023/10/06 08:51:51] root INFO:         name : L2
[2023/10/06 08:51:51] root INFO: PostProcess : 
[2023/10/06 08:51:51] root INFO:     expand_scale : 0.2
[2023/10/06 08:51:51] root INFO:     name : SASTPostProcess
[2023/10/06 08:51:51] root INFO:     nms_thresh : 0.5
[2023/10/06 08:51:51] root INFO:     sample_pts_num : 2
[2023/10/06 08:51:51] root INFO:     score_thresh : 0.5
[2023/10/06 08:51:51] root INFO:     shrink_ratio_of_width : 0.15
[2023/10/06 08:51:51] root INFO: Train : 
[2023/10/06 08:51:51] root INFO:     dataset : 
[2023/10/06 08:51:51] root INFO:         data_dir : D:/Vietnamese_Scene_Text_Detection_and_Recognition/train/vietnamese/train_images
[2023/10/06 08:51:51] root INFO:         label_file_list : ['D:/Vietnamese_Scene_Text_Detection_and_Recognition/train/train_label.txt']
[2023/10/06 08:51:51] root INFO:         name : SimpleDataSet
[2023/10/06 08:51:51] root INFO:         ratio_list : [1]
[2023/10/06 08:51:51] root INFO:         transforms : 
[2023/10/06 08:51:51] root INFO:             DecodeImage : 
[2023/10/06 08:51:51] root INFO:                 channel_first : False
[2023/10/06 08:51:51] root INFO:                 img_mode : BGR
[2023/10/06 08:51:51] root INFO:             DetLabelEncode : None
[2023/10/06 08:51:51] root INFO:             SASTProcessTrain : 
[2023/10/06 08:51:51] root INFO:                 image_shape : [512, 512]
[2023/10/06 08:51:51] root INFO:                 max_text_size : 512
[2023/10/06 08:51:51] root INFO:                 min_crop_side_ratio : 0.3
[2023/10/06 08:51:51] root INFO:                 min_crop_size : 24
[2023/10/06 08:51:51] root INFO:                 min_text_size : 4
[2023/10/06 08:51:51] root INFO:             KeepKeys : 
[2023/10/06 08:51:51] root INFO:                 keep_keys : ['image', 'score_map', 'border_map', 'training_mask', 'tvo_map', 'tco_map']
[2023/10/06 08:51:51] root INFO:     loader : 
[2023/10/06 08:51:51] root INFO:         batch_size_per_card : 8
[2023/10/06 08:51:51] root INFO:         drop_last : False
[2023/10/06 08:51:51] root INFO:         num_workers : 1
[2023/10/06 08:51:51] root INFO:         shuffle : False
[2023/10/06 08:51:51] root INFO: train with paddle 2.5.1 and device Place(gpu:0)
[2023/10/06 08:51:51] root INFO: Initialize indexs of datasets:['D:/Vietnamese_Scene_Text_Detection_and_Recognition/train/train_label.txt']
[2023/10/06 08:51:51] root INFO: Initialize indexs of datasets:['D:/Vietnamese_Scene_Text_Detection_and_Recognition/train/test_label.txt']
[2023/10/06 09:02:21] root INFO: Architecture : 
[2023/10/06 09:02:21] root INFO:     Backbone : 
[2023/10/06 09:02:21] root INFO:         layers : 50
[2023/10/06 09:02:21] root INFO:         name : ResNet_SAST
[2023/10/06 09:02:21] root INFO:     Head : 
[2023/10/06 09:02:21] root INFO:         name : SASTHead
[2023/10/06 09:02:21] root INFO:     Neck : 
[2023/10/06 09:02:21] root INFO:         name : SASTFPN
[2023/10/06 09:02:21] root INFO:         with_cab : True
[2023/10/06 09:02:21] root INFO:     Transform : None
[2023/10/06 09:02:21] root INFO:     algorithm : SAST
[2023/10/06 09:02:21] root INFO:     model_type : det
[2023/10/06 09:02:21] root INFO: Eval : 
[2023/10/06 09:02:21] root INFO:     dataset : 
[2023/10/06 09:02:21] root INFO:         data_dir : D:/Vietnamese_Scene_Text_Detection_and_Recognition/train/vietnamese/test_image
[2023/10/06 09:02:21] root INFO:         label_file_list : ['D:/Vietnamese_Scene_Text_Detection_and_Recognition/train/test_label.txt']
[2023/10/06 09:02:21] root INFO:         name : SimpleDataSet
[2023/10/06 09:02:21] root INFO:         transforms : 
[2023/10/06 09:02:21] root INFO:             DecodeImage : 
[2023/10/06 09:02:21] root INFO:                 channel_first : False
[2023/10/06 09:02:21] root INFO:                 img_mode : BGR
[2023/10/06 09:02:21] root INFO:             DetLabelEncode : None
[2023/10/06 09:02:21] root INFO:             DetResizeForTest : 
[2023/10/06 09:02:21] root INFO:                 resize_long : 1536
[2023/10/06 09:02:21] root INFO:             NormalizeImage : 
[2023/10/06 09:02:21] root INFO:                 mean : [0.485, 0.456, 0.406]
[2023/10/06 09:02:21] root INFO:                 order : hwc
[2023/10/06 09:02:21] root INFO:                 scale : 1./255.
[2023/10/06 09:02:21] root INFO:                 std : [0.229, 0.224, 0.225]
[2023/10/06 09:02:21] root INFO:             ToCHWImage : None
[2023/10/06 09:02:21] root INFO:             KeepKeys : 
[2023/10/06 09:02:21] root INFO:                 keep_keys : ['image', 'shape', 'polys', 'ignore_tags']
[2023/10/06 09:02:21] root INFO:     loader : 
[2023/10/06 09:02:21] root INFO:         batch_size_per_card : 1
[2023/10/06 09:02:21] root INFO:         drop_last : False
[2023/10/06 09:02:21] root INFO:         num_workers : 1
[2023/10/06 09:02:21] root INFO:         shuffle : False
[2023/10/06 09:02:21] root INFO: Global : 
[2023/10/06 09:02:21] root INFO:     cal_metric_during_train : False
[2023/10/06 09:02:21] root INFO:     checkpoints : None
[2023/10/06 09:02:21] root INFO:     debug : False
[2023/10/06 09:02:21] root INFO:     distributed : False
[2023/10/06 09:02:21] root INFO:     epoch_num : 300
[2023/10/06 09:02:21] root INFO:     eval_batch_step : [40000, 50000]
[2023/10/06 09:02:21] root INFO:     infer_img : None
[2023/10/06 09:02:21] root INFO:     log_smooth_window : 20
[2023/10/06 09:02:21] root INFO:     pretrained_model : D:/Vietnamese_Scene_Text_Detection_and_Recognition/pretrained_models/det_r50_vd_sast_icdar15_v2.0_train/best_accuracy
[2023/10/06 09:02:21] root INFO:     print_batch_step : 2
[2023/10/06 09:02:21] root INFO:     save_epoch_step : 2
[2023/10/06 09:02:21] root INFO:     save_inference_dir : D:/Vietnamese_Scene_Text_Detection_and_Recognition/inference/SAST
[2023/10/06 09:02:21] root INFO:     save_model_dir : D:/Vietnamese_Scene_Text_Detection_and_Recognition/output/SAST/
[2023/10/06 09:02:21] root INFO:     save_res_path : D:/Vietnamese_Scene_Text_Detection_and_Recognition/output/sast.txt
[2023/10/06 09:02:21] root INFO:     use_gpu : True
[2023/10/06 09:02:21] root INFO:     use_visualdl : True
[2023/10/06 09:02:21] root INFO: Loss : 
[2023/10/06 09:02:21] root INFO:     name : SASTLoss
[2023/10/06 09:02:21] root INFO: Metric : 
[2023/10/06 09:02:21] root INFO:     main_indicator : hmean
[2023/10/06 09:02:21] root INFO:     name : DetMetric
[2023/10/06 09:02:21] root INFO: Optimizer : 
[2023/10/06 09:02:21] root INFO:     beta1 : 0.9
[2023/10/06 09:02:21] root INFO:     beta2 : 0.999
[2023/10/06 09:02:21] root INFO:     lr : 
[2023/10/06 09:02:21] root INFO:         learning_rate : 0.001
[2023/10/06 09:02:21] root INFO:     name : Adam
[2023/10/06 09:02:21] root INFO:     regularizer : 
[2023/10/06 09:02:21] root INFO:         factor : 0
[2023/10/06 09:02:21] root INFO:         name : L2
[2023/10/06 09:02:21] root INFO: PostProcess : 
[2023/10/06 09:02:21] root INFO:     expand_scale : 0.2
[2023/10/06 09:02:21] root INFO:     name : SASTPostProcess
[2023/10/06 09:02:21] root INFO:     nms_thresh : 0.5
[2023/10/06 09:02:21] root INFO:     sample_pts_num : 2
[2023/10/06 09:02:21] root INFO:     score_thresh : 0.5
[2023/10/06 09:02:21] root INFO:     shrink_ratio_of_width : 0.15
[2023/10/06 09:02:21] root INFO: Train : 
[2023/10/06 09:02:21] root INFO:     dataset : 
[2023/10/06 09:02:21] root INFO:         data_dir : D:/Vietnamese_Scene_Text_Detection_and_Recognition/train/vietnamese/train_images
[2023/10/06 09:02:21] root INFO:         label_file_list : ['D:/Vietnamese_Scene_Text_Detection_and_Recognition/train/train_label.txt']
[2023/10/06 09:02:21] root INFO:         name : SimpleDataSet
[2023/10/06 09:02:21] root INFO:         ratio_list : [1]
[2023/10/06 09:02:21] root INFO:         transforms : 
[2023/10/06 09:02:21] root INFO:             DecodeImage : 
[2023/10/06 09:02:21] root INFO:                 channel_first : False
[2023/10/06 09:02:21] root INFO:                 img_mode : BGR
[2023/10/06 09:02:21] root INFO:             DetLabelEncode : None
[2023/10/06 09:02:21] root INFO:             SASTProcessTrain : 
[2023/10/06 09:02:21] root INFO:                 image_shape : [512, 512]
[2023/10/06 09:02:21] root INFO:                 max_text_size : 512
[2023/10/06 09:02:21] root INFO:                 min_crop_side_ratio : 0.3
[2023/10/06 09:02:21] root INFO:                 min_crop_size : 24
[2023/10/06 09:02:21] root INFO:                 min_text_size : 4
[2023/10/06 09:02:21] root INFO:             KeepKeys : 
[2023/10/06 09:02:21] root INFO:                 keep_keys : ['image', 'score_map', 'border_map', 'training_mask', 'tvo_map', 'tco_map']
[2023/10/06 09:02:21] root INFO:     loader : 
[2023/10/06 09:02:21] root INFO:         batch_size_per_card : 8
[2023/10/06 09:02:21] root INFO:         drop_last : False
[2023/10/06 09:02:21] root INFO:         num_workers : 1
[2023/10/06 09:02:21] root INFO:         shuffle : False
[2023/10/06 09:02:21] root INFO: train with paddle 2.5.1 and device Place(gpu:0)
[2023/10/06 09:02:21] root INFO: Initialize indexs of datasets:['D:/Vietnamese_Scene_Text_Detection_and_Recognition/train/train_label.txt']
[2023/10/06 09:02:21] root INFO: Initialize indexs of datasets:['D:/Vietnamese_Scene_Text_Detection_and_Recognition/train/test_label.txt']
[2023/10/06 09:10:28] root INFO: Architecture : 
[2023/10/06 09:10:28] root INFO:     Backbone : 
[2023/10/06 09:10:28] root INFO:         layers : 50
[2023/10/06 09:10:28] root INFO:         name : ResNet_SAST
[2023/10/06 09:10:28] root INFO:     Head : 
[2023/10/06 09:10:28] root INFO:         name : SASTHead
[2023/10/06 09:10:28] root INFO:     Neck : 
[2023/10/06 09:10:28] root INFO:         name : SASTFPN
[2023/10/06 09:10:28] root INFO:         with_cab : True
[2023/10/06 09:10:28] root INFO:     Transform : None
[2023/10/06 09:10:28] root INFO:     algorithm : SAST
[2023/10/06 09:10:28] root INFO:     model_type : det
[2023/10/06 09:10:28] root INFO: Eval : 
[2023/10/06 09:10:28] root INFO:     dataset : 
[2023/10/06 09:10:28] root INFO:         data_dir : D:/Vietnamese_Scene_Text_Detection_and_Recognition/train/vietnamese/test_image
[2023/10/06 09:10:28] root INFO:         label_file_list : ['D:/Vietnamese_Scene_Text_Detection_and_Recognition/train/test_label.txt']
[2023/10/06 09:10:28] root INFO:         name : SimpleDataSet
[2023/10/06 09:10:28] root INFO:         transforms : 
[2023/10/06 09:10:28] root INFO:             DecodeImage : 
[2023/10/06 09:10:28] root INFO:                 channel_first : False
[2023/10/06 09:10:28] root INFO:                 img_mode : BGR
[2023/10/06 09:10:28] root INFO:             DetLabelEncode : None
[2023/10/06 09:10:28] root INFO:             DetResizeForTest : 
[2023/10/06 09:10:28] root INFO:                 resize_long : 1536
[2023/10/06 09:10:28] root INFO:             NormalizeImage : 
[2023/10/06 09:10:28] root INFO:                 mean : [0.485, 0.456, 0.406]
[2023/10/06 09:10:28] root INFO:                 order : hwc
[2023/10/06 09:10:28] root INFO:                 scale : 1./255.
[2023/10/06 09:10:28] root INFO:                 std : [0.229, 0.224, 0.225]
[2023/10/06 09:10:28] root INFO:             ToCHWImage : None
[2023/10/06 09:10:28] root INFO:             KeepKeys : 
[2023/10/06 09:10:28] root INFO:                 keep_keys : ['image', 'shape', 'polys', 'ignore_tags']
[2023/10/06 09:10:28] root INFO:     loader : 
[2023/10/06 09:10:28] root INFO:         batch_size_per_card : 1
[2023/10/06 09:10:28] root INFO:         drop_last : False
[2023/10/06 09:10:28] root INFO:         num_workers : 1
[2023/10/06 09:10:28] root INFO:         shuffle : False
[2023/10/06 09:10:28] root INFO: Global : 
[2023/10/06 09:10:28] root INFO:     cal_metric_during_train : False
[2023/10/06 09:10:28] root INFO:     checkpoints : None
[2023/10/06 09:10:28] root INFO:     debug : False
[2023/10/06 09:10:28] root INFO:     distributed : False
[2023/10/06 09:10:28] root INFO:     epoch_num : 300
[2023/10/06 09:10:28] root INFO:     eval_batch_step : [40000, 50000]
[2023/10/06 09:10:28] root INFO:     infer_img : None
[2023/10/06 09:10:28] root INFO:     log_smooth_window : 20
[2023/10/06 09:10:28] root INFO:     pretrained_model : D:/Vietnamese_Scene_Text_Detection_and_Recognition/pretrained_models/det_r50_vd_sast_icdar15_v2.0_train/best_accuracy
[2023/10/06 09:10:28] root INFO:     print_batch_step : 2
[2023/10/06 09:10:28] root INFO:     save_epoch_step : 2
[2023/10/06 09:10:28] root INFO:     save_inference_dir : D:/Vietnamese_Scene_Text_Detection_and_Recognition/inference/SAST
[2023/10/06 09:10:28] root INFO:     save_model_dir : D:/Vietnamese_Scene_Text_Detection_and_Recognition/output/SAST/
[2023/10/06 09:10:28] root INFO:     save_res_path : D:/Vietnamese_Scene_Text_Detection_and_Recognition/output/sast.txt
[2023/10/06 09:10:28] root INFO:     use_gpu : True
[2023/10/06 09:10:28] root INFO:     use_visualdl : True
[2023/10/06 09:10:28] root INFO: Loss : 
[2023/10/06 09:10:28] root INFO:     name : SASTLoss
[2023/10/06 09:10:28] root INFO: Metric : 
[2023/10/06 09:10:28] root INFO:     main_indicator : hmean
[2023/10/06 09:10:28] root INFO:     name : DetMetric
[2023/10/06 09:10:28] root INFO: Optimizer : 
[2023/10/06 09:10:28] root INFO:     beta1 : 0.9
[2023/10/06 09:10:28] root INFO:     beta2 : 0.999
[2023/10/06 09:10:28] root INFO:     lr : 
[2023/10/06 09:10:28] root INFO:         learning_rate : 0.001
[2023/10/06 09:10:28] root INFO:     name : Adam
[2023/10/06 09:10:28] root INFO:     regularizer : 
[2023/10/06 09:10:28] root INFO:         factor : 0
[2023/10/06 09:10:28] root INFO:         name : L2
[2023/10/06 09:10:28] root INFO: PostProcess : 
[2023/10/06 09:10:28] root INFO:     expand_scale : 0.2
[2023/10/06 09:10:28] root INFO:     name : SASTPostProcess
[2023/10/06 09:10:28] root INFO:     nms_thresh : 0.5
[2023/10/06 09:10:28] root INFO:     sample_pts_num : 2
[2023/10/06 09:10:28] root INFO:     score_thresh : 0.5
[2023/10/06 09:10:28] root INFO:     shrink_ratio_of_width : 0.15
[2023/10/06 09:10:28] root INFO: Train : 
[2023/10/06 09:10:28] root INFO:     dataset : 
[2023/10/06 09:10:28] root INFO:         data_dir : D:/Vietnamese_Scene_Text_Detection_and_Recognition/train/vietnamese/train_images
[2023/10/06 09:10:28] root INFO:         label_file_list : ['D:/Vietnamese_Scene_Text_Detection_and_Recognition/train/train_label.txt']
[2023/10/06 09:10:28] root INFO:         name : SimpleDataSet
[2023/10/06 09:10:28] root INFO:         ratio_list : [1]
[2023/10/06 09:10:28] root INFO:         transforms : 
[2023/10/06 09:10:28] root INFO:             DecodeImage : 
[2023/10/06 09:10:28] root INFO:                 channel_first : False
[2023/10/06 09:10:28] root INFO:                 img_mode : BGR
[2023/10/06 09:10:28] root INFO:             DetLabelEncode : None
[2023/10/06 09:10:28] root INFO:             SASTProcessTrain : 
[2023/10/06 09:10:28] root INFO:                 image_shape : [512, 512]
[2023/10/06 09:10:28] root INFO:                 max_text_size : 512
[2023/10/06 09:10:28] root INFO:                 min_crop_side_ratio : 0.3
[2023/10/06 09:10:28] root INFO:                 min_crop_size : 24
[2023/10/06 09:10:28] root INFO:                 min_text_size : 4
[2023/10/06 09:10:28] root INFO:             KeepKeys : 
[2023/10/06 09:10:28] root INFO:                 keep_keys : ['image', 'score_map', 'border_map', 'training_mask', 'tvo_map', 'tco_map']
[2023/10/06 09:10:28] root INFO:     loader : 
[2023/10/06 09:10:28] root INFO:         batch_size_per_card : 8
[2023/10/06 09:10:28] root INFO:         drop_last : False
[2023/10/06 09:10:28] root INFO:         num_workers : 1
[2023/10/06 09:10:28] root INFO:         shuffle : False
[2023/10/06 09:10:28] root INFO: train with paddle 2.5.1 and device Place(gpu:0)
[2023/10/06 09:10:28] root INFO: Initialize indexs of datasets:['D:/Vietnamese_Scene_Text_Detection_and_Recognition/train/train_label.txt']
[2023/10/06 09:10:28] root INFO: Initialize indexs of datasets:['D:/Vietnamese_Scene_Text_Detection_and_Recognition/train/test_label.txt']
[2023/10/06 09:26:26] root INFO: Architecture : 
[2023/10/06 09:26:26] root INFO:     Backbone : 
[2023/10/06 09:26:26] root INFO:         layers : 50
[2023/10/06 09:26:26] root INFO:         name : ResNet_SAST
[2023/10/06 09:26:26] root INFO:     Head : 
[2023/10/06 09:26:26] root INFO:         name : SASTHead
[2023/10/06 09:26:26] root INFO:     Neck : 
[2023/10/06 09:26:26] root INFO:         name : SASTFPN
[2023/10/06 09:26:26] root INFO:         with_cab : True
[2023/10/06 09:26:26] root INFO:     Transform : None
[2023/10/06 09:26:26] root INFO:     algorithm : SAST
[2023/10/06 09:26:26] root INFO:     model_type : det
[2023/10/06 09:26:26] root INFO: Eval : 
[2023/10/06 09:26:26] root INFO:     dataset : 
[2023/10/06 09:26:26] root INFO:         data_dir : D:/Vietnamese_Scene_Text_Detection_and_Recognition/train/vietnamese/test_image
[2023/10/06 09:26:26] root INFO:         label_file_list : ['D:/Vietnamese_Scene_Text_Detection_and_Recognition/train/test_label.txt']
[2023/10/06 09:26:26] root INFO:         name : SimpleDataSet
[2023/10/06 09:26:26] root INFO:         transforms : 
[2023/10/06 09:26:26] root INFO:             DecodeImage : 
[2023/10/06 09:26:26] root INFO:                 channel_first : False
[2023/10/06 09:26:26] root INFO:                 img_mode : BGR
[2023/10/06 09:26:26] root INFO:             DetLabelEncode : None
[2023/10/06 09:26:26] root INFO:             DetResizeForTest : 
[2023/10/06 09:26:26] root INFO:                 resize_long : 1536
[2023/10/06 09:26:26] root INFO:             NormalizeImage : 
[2023/10/06 09:26:26] root INFO:                 mean : [0.485, 0.456, 0.406]
[2023/10/06 09:26:26] root INFO:                 order : hwc
[2023/10/06 09:26:26] root INFO:                 scale : 1./255.
[2023/10/06 09:26:26] root INFO:                 std : [0.229, 0.224, 0.225]
[2023/10/06 09:26:26] root INFO:             ToCHWImage : None
[2023/10/06 09:26:26] root INFO:             KeepKeys : 
[2023/10/06 09:26:26] root INFO:                 keep_keys : ['image', 'shape', 'polys', 'ignore_tags']
[2023/10/06 09:26:26] root INFO:     loader : 
[2023/10/06 09:26:26] root INFO:         batch_size_per_card : 1
[2023/10/06 09:26:26] root INFO:         drop_last : False
[2023/10/06 09:26:26] root INFO:         num_workers : 1
[2023/10/06 09:26:26] root INFO:         shuffle : False
[2023/10/06 09:26:26] root INFO: Global : 
[2023/10/06 09:26:26] root INFO:     cal_metric_during_train : False
[2023/10/06 09:26:26] root INFO:     checkpoints : None
[2023/10/06 09:26:26] root INFO:     debug : False
[2023/10/06 09:26:26] root INFO:     distributed : False
[2023/10/06 09:26:26] root INFO:     epoch_num : 300
[2023/10/06 09:26:26] root INFO:     eval_batch_step : [40000, 50000]
[2023/10/06 09:26:26] root INFO:     infer_img : None
[2023/10/06 09:26:26] root INFO:     log_smooth_window : 20
[2023/10/06 09:26:26] root INFO:     pretrained_model : D:/Vietnamese_Scene_Text_Detection_and_Recognition/pretrained_models/det_r50_vd_sast_icdar15_v2.0_train/best_accuracy
[2023/10/06 09:26:26] root INFO:     print_batch_step : 2
[2023/10/06 09:26:26] root INFO:     save_epoch_step : 2
[2023/10/06 09:26:26] root INFO:     save_inference_dir : D:/Vietnamese_Scene_Text_Detection_and_Recognition/inference/SAST
[2023/10/06 09:26:26] root INFO:     save_model_dir : D:/Vietnamese_Scene_Text_Detection_and_Recognition/output/SAST/
[2023/10/06 09:26:26] root INFO:     save_res_path : D:/Vietnamese_Scene_Text_Detection_and_Recognition/output/sast.txt
[2023/10/06 09:26:26] root INFO:     use_gpu : True
[2023/10/06 09:26:26] root INFO:     use_visualdl : True
[2023/10/06 09:26:26] root INFO: Loss : 
[2023/10/06 09:26:26] root INFO:     name : SASTLoss
[2023/10/06 09:26:26] root INFO: Metric : 
[2023/10/06 09:26:26] root INFO:     main_indicator : hmean
[2023/10/06 09:26:26] root INFO:     name : DetMetric
[2023/10/06 09:26:26] root INFO: Optimizer : 
[2023/10/06 09:26:26] root INFO:     beta1 : 0.9
[2023/10/06 09:26:26] root INFO:     beta2 : 0.999
[2023/10/06 09:26:26] root INFO:     lr : 
[2023/10/06 09:26:26] root INFO:         learning_rate : 0.001
[2023/10/06 09:26:26] root INFO:     name : Adam
[2023/10/06 09:26:26] root INFO:     regularizer : 
[2023/10/06 09:26:26] root INFO:         factor : 0
[2023/10/06 09:26:26] root INFO:         name : L2
[2023/10/06 09:26:26] root INFO: PostProcess : 
[2023/10/06 09:26:26] root INFO:     expand_scale : 0.2
[2023/10/06 09:26:26] root INFO:     name : SASTPostProcess
[2023/10/06 09:26:26] root INFO:     nms_thresh : 0.5
[2023/10/06 09:26:26] root INFO:     sample_pts_num : 2
[2023/10/06 09:26:26] root INFO:     score_thresh : 0.5
[2023/10/06 09:26:26] root INFO:     shrink_ratio_of_width : 0.15
[2023/10/06 09:26:26] root INFO: Train : 
[2023/10/06 09:26:26] root INFO:     dataset : 
[2023/10/06 09:26:26] root INFO:         data_dir : D:/Vietnamese_Scene_Text_Detection_and_Recognition/train/vietnamese/train_images
[2023/10/06 09:26:26] root INFO:         label_file_list : ['D:/Vietnamese_Scene_Text_Detection_and_Recognition/train/train_label.txt']
[2023/10/06 09:26:26] root INFO:         name : SimpleDataSet
[2023/10/06 09:26:26] root INFO:         ratio_list : [1]
[2023/10/06 09:26:26] root INFO:         transforms : 
[2023/10/06 09:26:26] root INFO:             DecodeImage : 
[2023/10/06 09:26:26] root INFO:                 channel_first : False
[2023/10/06 09:26:26] root INFO:                 img_mode : BGR
[2023/10/06 09:26:26] root INFO:             DetLabelEncode : None
[2023/10/06 09:26:26] root INFO:             SASTProcessTrain : 
[2023/10/06 09:26:26] root INFO:                 image_shape : [512, 512]
[2023/10/06 09:26:26] root INFO:                 max_text_size : 512
[2023/10/06 09:26:26] root INFO:                 min_crop_side_ratio : 0.3
[2023/10/06 09:26:26] root INFO:                 min_crop_size : 24
[2023/10/06 09:26:26] root INFO:                 min_text_size : 4
[2023/10/06 09:26:26] root INFO:             KeepKeys : 
[2023/10/06 09:26:26] root INFO:                 keep_keys : ['image', 'score_map', 'border_map', 'training_mask', 'tvo_map', 'tco_map']
[2023/10/06 09:26:26] root INFO:     loader : 
[2023/10/06 09:26:26] root INFO:         batch_size_per_card : 8
[2023/10/06 09:26:26] root INFO:         drop_last : False
[2023/10/06 09:26:26] root INFO:         num_workers : 1
[2023/10/06 09:26:26] root INFO:         shuffle : False
[2023/10/06 09:26:26] root INFO: train with paddle 2.5.1 and device Place(gpu:0)
[2023/10/06 09:26:26] root INFO: Initialize indexs of datasets:['D:/Vietnamese_Scene_Text_Detection_and_Recognition/train/train_label.txt']
[2023/10/06 09:26:27] root INFO: Initialize indexs of datasets:['D:/Vietnamese_Scene_Text_Detection_and_Recognition/train/test_label.txt']
[2023/10/06 09:26:37] root INFO: loaded pretrained_model successful from D:/Vietnamese_Scene_Text_Detection_and_Recognition/pretrained_models/det_r50_vd_sast_icdar15_v2.0_train/best_accuracy.pdparams
[2023/10/06 09:26:37] root INFO: train dataloader has 150 iters
[2023/10/06 09:26:37] root INFO: valid dataloader has 300 iters
[2023/10/06 09:26:37] root INFO: During the training process, after the 40000th iteration, an evaluation is run every 50000 iterations
[2023/10/06 09:26:37] root INFO: Initialize indexs of datasets:['D:/Vietnamese_Scene_Text_Detection_and_Recognition/train/train_label.txt']
[2023/10/06 09:26:37] root ERROR: When parsing line im0046.jpg	[{"transcription": "50", "points": [["200", "179"], ["248", "178"], ["248", "230"], ["197", "228"]]}, {"transcription": "XE", "points": [["230", "329"], ["239", "330"], ["240", "342"], ["232", "340"]]}, {"transcription": "2", "points": [["240", "332"], ["245", "332"], ["245", "341"], ["241", "341"]]}, {"transcription": "VÀ", "points": [["246", "332"], ["253", "332"], ["254", "343"], ["246", "342"]]}, {"transcription": "3", "points": [["233", "345"], ["238", "346"], ["237", "355"], ["234", "354"]]}, {"transcription": "BÁNH", "points": [["240", "344"], ["253", "348"], ["253", "358"], ["238", "355"]]}, {"transcription": "###", "points": [["316", "125"], ["324", "125"], ["324", "129"], ["317", "129"]]}, {"transcription": "###", "points": [["368", "124"], ["376", "124"], ["376", "128"], ["368", "128"]]}, {"transcription": "###", "points": [["424", "123"], ["431", "124"], ["432", "127"], ["423", "127"]]}, {"transcription": "###", "points": [["471", "174"], ["479", "174"], ["479", "177"], ["471", "177"]]}, {"transcription": "###", "points": [["468", "178"], ["482", "178"], ["482", "181"], ["468", "181"]]}, {"transcription": "###", "points": [["600", "119"], ["610", "119"], ["610", "124"], ["600", "124"]]}, {"transcription": "###", "points": [["533", "121"], ["542", "121"], ["542", "125"], ["533", "126"]]}]
, error happened with msg: module 'numpy' has no attribute 'bool'.
`np.bool` was a deprecated alias for the builtin `bool`. To avoid this error in existing code, use `bool` by itself. Doing this will not modify any behavior and is safe. If you specifically wanted the numpy scalar type, use `np.bool_` here.
The aliases was originally deprecated in NumPy 1.20; for more details and guidance see the original release note at:
    https://numpy.org/devdocs/release/1.20.0-notes.html#deprecations
[2023/10/06 09:26:38] root ERROR: When parsing line im0360.jpg	[{"transcription": "Cao", "points": [["5", "44"], ["260", "42"], ["249", "163"], ["5", "163"]]}, {"transcription": "Nguyên", "points": [["332", "40"], ["857", "37"], ["812", "199"], ["299", "197"]]}, {"transcription": "###", "points": [["189", "772"], ["199", "771"], ["200", "780"], ["189", "780"]]}, {"transcription": "###", "points": [["363", "725"], ["376", "725"], ["374", "734"], ["363", "734"]]}, {"transcription": "WARNING", "points": [["540", "543"], ["566", "543"], ["566", "549"], ["541", "549"]]}, {"transcription": "###", "points": [["544", "550"], ["547", "550"], ["547", "551"], ["544", "551"]]}, {"transcription": "###", "points": [["548", "550"], ["559", "550"], ["559", "551"], ["548", "551"]]}, {"transcription": "###", "points": [["560", "550"], ["564", "550"], ["564", "551"], ["560", "551"]]}, {"transcription": "###", "points": [["541", "552"], ["552", "552"], ["552", "553"], ["541", "553"]]}, {"transcription": "###", "points": [["553", "552"], ["555", "552"], ["555", "553"], ["553", "553"]]}, {"transcription": "###", "points": [["556", "552"], ["559", "552"], ["559", "553"], ["556", "553"]]}, {"transcription": "###", "points": [["559", "552"], ["562", "552"], ["562", "553"], ["559", "553"]]}, {"transcription": "###", "points": [["563", "552"], ["567", "552"], ["567", "553"], ["563", "553"]]}, {"transcription": "###", "points": [["543", "554"], ["557", "554"], ["557", "555"], ["543", "555"]]}, {"transcription": "###", "points": [["557", "553"], ["560", "553"], ["560", "555"], ["557", "555"]]}, {"transcription": "###", "points": [["561", "554"], ["565", "554"], ["565", "555"], ["561", "555"]]}, {"transcription": "###", "points": [["544", "556"], ["550", "556"], ["550", "557"], ["544", "557"]]}, {"transcription": "###", "points": [["552", "556"], ["559", "556"], ["559", "557"], ["552", "557"]]}, {"transcription": "###", "points": [["560", "556"], ["564", "556"], ["564", "557"], ["560", "557"]]}, {"transcription": "###", "points": [["542", "558"], ["551", "558"], ["551", "559"], ["542", "559"]]}, {"transcription": "###", "points": [["552", "558"], ["556", "558"], ["556", "559"], ["552", "559"]]}, {"transcription": "###", "points": [["557", "558"], ["565", "558"], ["565", "559"], ["557", "559"]]}, {"transcription": "WE", "points": [["666", "701"], ["682", "701"], ["681", "709"], ["665", "709"]]}, {"transcription": "###", "points": [["992", "663"], ["1002", "663"], ["1002", "666"], ["992", "666"]]}, {"transcription": "###", "points": [["990", "668"], ["1005", "668"], ["1005", "670"], ["990", "670"]]}, {"transcription": "###", "points": [["990", "671"], ["1005", "671"], ["1005", "676"], ["989", "676"]]}, {"transcription": "###", "points": [["990", "677"], ["997", "677"], ["997", "685"], ["990", "685"]]}, {"transcription": "###", "points": [["992", "685"], ["1005", "685"], ["1005", "687"], ["991", "687"]]}, {"transcription": "###", "points": [["1073", "623"], ["1097", "624"], ["1097", "626"], ["1073", "625"]]}, {"transcription": "###", "points": [["1070", "627"], ["1101", "627"], ["1100", "629"], ["1070", "629"]]}, {"transcription": "###", "points": [["1074", "635"], ["1096", "635"], ["1096", "640"], ["1074", "640"]]}, {"transcription": "###", "points": [["1068", "644"], ["1101", "644"], ["1101", "653"], ["1068", "652"]]}, {"transcription": "###", "points": [["1072", "679"], ["1110", "679"], ["1110", "684"], ["1072", "684"]]}]
, error happened with msg: module 'numpy' has no attribute 'bool'.
`np.bool` was a deprecated alias for the builtin `bool`. To avoid this error in existing code, use `bool` by itself. Doing this will not modify any behavior and is safe. If you specifically wanted the numpy scalar type, use `np.bool_` here.
The aliases was originally deprecated in NumPy 1.20; for more details and guidance see the original release note at:
    https://numpy.org/devdocs/release/1.20.0-notes.html#deprecations
[2023/10/06 09:26:40] root ERROR: When parsing line im0398.jpg	[{"transcription": "GA", "points": [["160", "29"], ["195", "37"], ["204", "71"], ["159", "63"]]}, {"transcription": "NINH", "points": [["219", "41"], ["298", "57"], ["297", "86"], ["217", "73"]]}, {"transcription": "BÌNH", "points": [["309", "53"], ["376", "67"], ["377", "101"], ["307", "88"]]}, {"transcription": "###", "points": [["96", "311"], ["104", "311"], ["104", "314"], ["96", "314"]]}, {"transcription": "###", "points": [["96", "328"], ["106", "328"], ["106", "331"], ["96", "331"]]}, {"transcription": "###", "points": [["280", "310"], ["297", "310"], ["297", "312"], ["280", "312"]]}, {"transcription": "###", "points": [["280", "312"], ["296", "312"], ["296", "315"], ["280", "315"]]}, {"transcription": "###", "points": [["274", "296"], ["304", "295"], ["303", "304"], ["274", "304"]]}]
, error happened with msg: module 'numpy' has no attribute 'bool'.
`np.bool` was a deprecated alias for the builtin `bool`. To avoid this error in existing code, use `bool` by itself. Doing this will not modify any behavior and is safe. If you specifically wanted the numpy scalar type, use `np.bool_` here.
The aliases was originally deprecated in NumPy 1.20; for more details and guidance see the original release note at:
    https://numpy.org/devdocs/release/1.20.0-notes.html#deprecations
[2023/10/06 09:26:40] root ERROR: When parsing line im1107.jpg	[{"transcription": "QL9", "points": [["595", "53"], ["663", "49"], ["660", "95"], ["597", "93"]]}, {"transcription": "A", "points": [["681", "45"], ["704", "47"], ["703", "85"], ["675", "88"]]}, {"transcription": "16", "points": [["730", "39"], ["775", "41"], ["777", "81"], ["733", "84"]]}, {"transcription": "###", "points": [["708", "47"], ["726", "46"], ["730", "76"], ["706", "81"]]}, {"transcription": "Km", "points": [["595", "118"], ["689", "115"], ["689", "179"], ["598", "181"]]}, {"transcription": "5", "points": [["696", "111"], ["737", "111"], ["737", "177"], ["698", "180"]]}, {"transcription": "0", "points": [["745", "110"], ["780", "109"], ["785", "177"], ["745", "177"]]}, {"transcription": "KHE", "points": [["538", "261"], ["661", "255"], ["667", "349"], ["540", "353"]]}, {"transcription": "SANH", "points": [["673", "255"], ["854", "250"], ["857", "347"], ["677", "351"]]}]
, error happened with msg: module 'numpy' has no attribute 'bool'.
`np.bool` was a deprecated alias for the builtin `bool`. To avoid this error in existing code, use `bool` by itself. Doing this will not modify any behavior and is safe. If you specifically wanted the numpy scalar type, use `np.bool_` here.
The aliases was originally deprecated in NumPy 1.20; for more details and guidance see the original release note at:
    https://numpy.org/devdocs/release/1.20.0-notes.html#deprecations
[2023/10/06 09:26:40] root ERROR: When parsing line im0335.jpg	[{"transcription": "TRUNG", "points": [["203", "154"], ["339", "151"], ["339", "191"], ["202", "189"]]}, {"transcription": "NGUYÊN", "points": [["160", "190"], ["392", "192"], ["392", "263"], ["159", "259"]]}, {"transcription": "COFFEE", "points": [["225", "294"], ["327", "296"], ["327", "317"], ["225", "317"]]}]
, error happened with msg: module 'numpy' has no attribute 'bool'.
`np.bool` was a deprecated alias for the builtin `bool`. To avoid this error in existing code, use `bool` by itself. Doing this will not modify any behavior and is safe. If you specifically wanted the numpy scalar type, use `np.bool_` here.
The aliases was originally deprecated in NumPy 1.20; for more details and guidance see the original release note at:
    https://numpy.org/devdocs/release/1.20.0-notes.html#deprecations
[2023/10/06 09:26:41] root ERROR: When parsing line im0528.jpg	[{"transcription": "yêu", "points": [["298", "163"], ["394", "167"], ["388", "225"], ["299", "224"]]}, {"transcription": "XE", "points": [["445", "181"], ["501", "182"], ["498", "214"], ["442", "211"]]}, {"transcription": "là", "points": [["406", "279"], ["456", "280"], ["455", "328"], ["404", "325"]]}, {"transcription": "yêu", "points": [["467", "283"], ["568", "286"], ["567", "338"], ["468", "343"]]}, {"transcription": "SHELL", "points": [["610", "299"], ["697", "302"], ["696", "335"], ["609", "333"]]}, {"transcription": "MBM", "points": [["564", "456"], ["585", "458"], ["585", "467"], ["564", "466"]]}, {"transcription": "287", "points": [["564", "467"], ["586", "468"], ["583", "476"], ["563", "476"]]}, {"transcription": "4241", "points": [["647", "448"], ["672", "449"], ["672", "462"], ["646", "460"]]}, {"transcription": "0698", "points": [["337", "443"], ["363", "444"], ["361", "454"], ["337", "453"]]}, {"transcription": "Ka", "points": [["785", "216"], ["799", "218"], ["800", "251"], ["773", "250"]]}, {"transcription": "###", "points": [["442", "390"], ["457", "390"], ["457", "398"], ["441", "398"]]}, {"transcription": "###", "points": [["440", "502"], ["451", "501"], ["450", "506"], ["438", "506"]]}, {"transcription": "###", "points": [["439", "508"], ["452", "507"], ["451", "511"], ["437", "512"]]}, {"transcription": "###", "points": [["191", "386"], ["204", "386"], ["201", "393"], ["190", "393"]]}, {"transcription": "###", "points": [["180", "428"], ["191", "427"], ["191", "436"], ["178", "436"]]}, {"transcription": "###", "points": [["193", "428"], ["207", "428"], ["208", "435"], ["191", "436"]]}, {"transcription": "###", "points": [["159", "349"], ["164", "350"], ["165", "356"], ["158", "356"]]}]
, error happened with msg: module 'numpy' has no attribute 'bool'.
`np.bool` was a deprecated alias for the builtin `bool`. To avoid this error in existing code, use `bool` by itself. Doing this will not modify any behavior and is safe. If you specifically wanted the numpy scalar type, use `np.bool_` here.
The aliases was originally deprecated in NumPy 1.20; for more details and guidance see the original release note at:
    https://numpy.org/devdocs/release/1.20.0-notes.html#deprecations
[2023/10/06 09:26:42] root ERROR: When parsing line im0273.jpg	[{"transcription": "", "points": [["161", "45"], ["330", "71"], ["331", "124"], ["161", "98"]]}, {"transcription": "", "points": [["93", "124"], ["177", "135"], ["189", "199"], ["92", "189"]]}, {"transcription": "", "points": [["203", "139"], ["283", "151"], ["285", "222"], ["215", "215"]]}, {"transcription": "", "points": [["303", "142"], ["381", "154"], ["382", "224"], ["301", "214"]]}]
, error happened with msg: module 'numpy' has no attribute 'bool'.
`np.bool` was a deprecated alias for the builtin `bool`. To avoid this error in existing code, use `bool` by itself. Doing this will not modify any behavior and is safe. If you specifically wanted the numpy scalar type, use `np.bool_` here.
The aliases was originally deprecated in NumPy 1.20; for more details and guidance see the original release note at:
    https://numpy.org/devdocs/release/1.20.0-notes.html#deprecations
[2023/10/06 09:26:43] root ERROR: When parsing line im0662.jpg	[{"transcription": "TP.", "points": [["249", "179"], ["277", "183"], ["279", "206"], ["248", "202"]]}, {"transcription": "YÊN", "points": [["278", "177"], ["320", "181"], ["318", "211"], ["280", "207"]]}, {"transcription": "BÁI", "points": [["324", "181"], ["361", "184"], ["358", "214"], ["321", "208"]]}]
, error happened with msg: module 'numpy' has no attribute 'bool'.
`np.bool` was a deprecated alias for the builtin `bool`. To avoid this error in existing code, use `bool` by itself. Doing this will not modify any behavior and is safe. If you specifically wanted the numpy scalar type, use `np.bool_` here.
The aliases was originally deprecated in NumPy 1.20; for more details and guidance see the original release note at:
    https://numpy.org/devdocs/release/1.20.0-notes.html#deprecations
[2023/10/06 09:26:43] root ERROR: When parsing line im0452.jpg	[{"transcription": "TRANH", "points": [["96", "213"], ["400", "193"], ["400", "292"], ["97", "310"]]}, {"transcription": "THUÊ", "points": [["422", "169"], ["680", "151"], ["684", "278"], ["423", "291"]]}, {"transcription": "MINH", "points": [["62", "341"], ["370", "324"], ["372", "495"], ["55", "510"]]}, {"transcription": "MINH", "points": [["393", "321"], ["718", "304"], ["726", "478"], ["394", "493"]]}]
, error happened with msg: module 'numpy' has no attribute 'bool'.
`np.bool` was a deprecated alias for the builtin `bool`. To avoid this error in existing code, use `bool` by itself. Doing this will not modify any behavior and is safe. If you specifically wanted the numpy scalar type, use `np.bool_` here.
The aliases was originally deprecated in NumPy 1.20; for more details and guidance see the original release note at:
    https://numpy.org/devdocs/release/1.20.0-notes.html#deprecations
[2023/10/06 09:26:44] root ERROR: When parsing line im0846.jpg	[{"transcription": "lê", "points": [["110", "54"], ["165", "55"], ["157", "121"], ["103", "119"]]}, {"transcription": "thanh", "points": [["170", "55"], ["352", "56"], ["350", "126"], ["166", "123"]]}, {"transcription": "hoà", "points": [["357", "57"], ["465", "58"], ["466", "123"], ["357", "123"]]}, {"transcription": "442", "points": [["46", "431"], ["78", "458"], ["57", "483"], ["14", "472"]]}, {"transcription": "442", "points": [["514", "438"], ["554", "463"], ["542", "488"], ["492", "481"]]}, {"transcription": "###", "points": [["579", "403"], ["597", "395"], ["599", "417"], ["582", "430"]]}]
, error happened with msg: module 'numpy' has no attribute 'bool'.
`np.bool` was a deprecated alias for the builtin `bool`. To avoid this error in existing code, use `bool` by itself. Doing this will not modify any behavior and is safe. If you specifically wanted the numpy scalar type, use `np.bool_` here.
The aliases was originally deprecated in NumPy 1.20; for more details and guidance see the original release note at:
    https://numpy.org/devdocs/release/1.20.0-notes.html#deprecations
[2023/10/06 09:26:44] root ERROR: When parsing line im0335.jpg	[{"transcription": "TRUNG", "points": [["203", "154"], ["339", "151"], ["339", "191"], ["202", "189"]]}, {"transcription": "NGUYÊN", "points": [["160", "190"], ["392", "192"], ["392", "263"], ["159", "259"]]}, {"transcription": "COFFEE", "points": [["225", "294"], ["327", "296"], ["327", "317"], ["225", "317"]]}]
, error happened with msg: module 'numpy' has no attribute 'bool'.
`np.bool` was a deprecated alias for the builtin `bool`. To avoid this error in existing code, use `bool` by itself. Doing this will not modify any behavior and is safe. If you specifically wanted the numpy scalar type, use `np.bool_` here.
The aliases was originally deprecated in NumPy 1.20; for more details and guidance see the original release note at:
    https://numpy.org/devdocs/release/1.20.0-notes.html#deprecations
[2023/10/06 09:26:46] root ERROR: When parsing line im1063.jpg	[{"transcription": "73", "points": [["1514", "2439"], ["1699", "2454"], ["1694", "2610"], ["1512", "2602"]]}]
, error happened with msg: module 'numpy' has no attribute 'bool'.
`np.bool` was a deprecated alias for the builtin `bool`. To avoid this error in existing code, use `bool` by itself. Doing this will not modify any behavior and is safe. If you specifically wanted the numpy scalar type, use `np.bool_` here.
The aliases was originally deprecated in NumPy 1.20; for more details and guidance see the original release note at:
    https://numpy.org/devdocs/release/1.20.0-notes.html#deprecations
[2023/10/06 09:26:46] root ERROR: When parsing line im0226.jpg	[{"transcription": "###", "points": [["45", "93"], ["64", "99"], ["64", "101"], ["45", "95"]]}, {"transcription": "###", "points": [["48", "97"], ["64", "102"], ["64", "108"], ["49", "103"]]}, {"transcription": "###", "points": [["49", "104"], ["61", "108"], ["63", "111"], ["50", "108"]]}, {"transcription": "###", "points": [["54", "109"], ["65", "112"], ["66", "116"], ["54", "113"]]}, {"transcription": "###", "points": [["68", "108"], ["88", "114"], ["87", "121"], ["67", "116"]]}, {"transcription": "###", "points": [["92", "105"], ["132", "118"], ["132", "137"], ["89", "126"]]}, {"transcription": "###", "points": [["137", "114"], ["166", "126"], ["166", "143"], ["135", "135"]]}, {"transcription": "###", "points": [["170", "125"], ["191", "133"], ["191", "147"], ["170", "142"]]}, {"transcription": "Café", "points": [["35", "135"], ["102", "157"], ["88", "210"], ["17", "196"]]}, {"transcription": "Xin", "points": [["107", "138"], ["143", "141"], ["148", "204"], ["90", "212"]]}, {"transcription": "Chào!", "points": [["146", "151"], ["192", "158"], ["189", "196"], ["148", "201"]]}]
, error happened with msg: module 'numpy' has no attribute 'bool'.
`np.bool` was a deprecated alias for the builtin `bool`. To avoid this error in existing code, use `bool` by itself. Doing this will not modify any behavior and is safe. If you specifically wanted the numpy scalar type, use `np.bool_` here.
The aliases was originally deprecated in NumPy 1.20; for more details and guidance see the original release note at:
    https://numpy.org/devdocs/release/1.20.0-notes.html#deprecations
[2023/10/06 09:26:47] root ERROR: When parsing line im0462.jpg	[{"transcription": "THANG", "points": [["361", "86"], ["409", "68"], ["409", "85"], ["360", "104"]]}, {"transcription": "LONG", "points": [["414", "65"], ["461", "58"], ["460", "74"], ["413", "82"]]}, {"transcription": "UNIVERSITY", "points": [["468", "53"], ["569", "73"], ["564", "94"], ["465", "74"]]}]
, error happened with msg: module 'numpy' has no attribute 'bool'.
`np.bool` was a deprecated alias for the builtin `bool`. To avoid this error in existing code, use `bool` by itself. Doing this will not modify any behavior and is safe. If you specifically wanted the numpy scalar type, use `np.bool_` here.
The aliases was originally deprecated in NumPy 1.20; for more details and guidance see the original release note at:
    https://numpy.org/devdocs/release/1.20.0-notes.html#deprecations
[2023/10/06 09:26:47] root ERROR: When parsing line im0698.jpg	[{"transcription": "88", "points": [["791", "1867"], ["959", "1842"], ["942", "1985"], ["774", "1993"]]}, {"transcription": "###", "points": [["50", "2456"], ["118", "2464"], ["135", "2548"], ["50", "2540"]]}, {"transcription": "###", "points": [["135", "2464"], ["210", "2481"], ["210", "2548"], ["160", "2548"]]}]
, error happened with msg: module 'numpy' has no attribute 'bool'.
`np.bool` was a deprecated alias for the builtin `bool`. To avoid this error in existing code, use `bool` by itself. Doing this will not modify any behavior and is safe. If you specifically wanted the numpy scalar type, use `np.bool_` here.
The aliases was originally deprecated in NumPy 1.20; for more details and guidance see the original release note at:
    https://numpy.org/devdocs/release/1.20.0-notes.html#deprecations
[2023/10/06 09:26:48] root ERROR: When parsing line im1107.jpg	[{"transcription": "QL9", "points": [["595", "53"], ["663", "49"], ["660", "95"], ["597", "93"]]}, {"transcription": "A", "points": [["681", "45"], ["704", "47"], ["703", "85"], ["675", "88"]]}, {"transcription": "16", "points": [["730", "39"], ["775", "41"], ["777", "81"], ["733", "84"]]}, {"transcription": "###", "points": [["708", "47"], ["726", "46"], ["730", "76"], ["706", "81"]]}, {"transcription": "Km", "points": [["595", "118"], ["689", "115"], ["689", "179"], ["598", "181"]]}, {"transcription": "5", "points": [["696", "111"], ["737", "111"], ["737", "177"], ["698", "180"]]}, {"transcription": "0", "points": [["745", "110"], ["780", "109"], ["785", "177"], ["745", "177"]]}, {"transcription": "KHE", "points": [["538", "261"], ["661", "255"], ["667", "349"], ["540", "353"]]}, {"transcription": "SANH", "points": [["673", "255"], ["854", "250"], ["857", "347"], ["677", "351"]]}]
, error happened with msg: module 'numpy' has no attribute 'bool'.
`np.bool` was a deprecated alias for the builtin `bool`. To avoid this error in existing code, use `bool` by itself. Doing this will not modify any behavior and is safe. If you specifically wanted the numpy scalar type, use `np.bool_` here.
The aliases was originally deprecated in NumPy 1.20; for more details and guidance see the original release note at:
    https://numpy.org/devdocs/release/1.20.0-notes.html#deprecations
[2023/10/06 09:26:48] root ERROR: When parsing line im0737.jpg	[{"transcription": "ÁT", "points": [["2", "256"], ["51", "269"], ["31", "297"], ["0", "292"]]}, {"transcription": "THANG", "points": [["282", "247"], ["423", "248"], ["424", "276"], ["281", "275"]]}, {"transcription": "MÁY", "points": [["432", "245"], ["521", "243"], ["511", "278"], ["429", "276"]]}, {"transcription": "ELEVATOR", "points": [["542", "371"], ["679", "371"], ["683", "395"], ["541", "393"]]}]
, error happened with msg: module 'numpy' has no attribute 'bool'.
`np.bool` was a deprecated alias for the builtin `bool`. To avoid this error in existing code, use `bool` by itself. Doing this will not modify any behavior and is safe. If you specifically wanted the numpy scalar type, use `np.bool_` here.
The aliases was originally deprecated in NumPy 1.20; for more details and guidance see the original release note at:
    https://numpy.org/devdocs/release/1.20.0-notes.html#deprecations
[2023/10/06 09:26:49] root ERROR: When parsing line im0580.jpg	[{"transcription": "BÒ", "points": [["171", "118"], ["220", "119"], ["223", "175"], ["175", "178"]]}, {"transcription": "BIA", "points": [["229", "121"], ["278", "121"], ["292", "175"], ["230", "178"]]}, {"transcription": "XE", "points": [["110", "202"], ["120", "202"], ["120", "216"], ["109", "215"]]}, {"transcription": "MÁY", "points": [["120", "200"], ["136", "200"], ["136", "217"], ["120", "216"]]}, {"transcription": "###", "points": [["26", "121"], ["51", "122"], ["50", "127"], ["26", "126"]]}, {"transcription": "###", "points": [["28", "128"], ["48", "128"], ["47", "134"], ["27", "134"]]}, {"transcription": "###", "points": [["31", "149"], ["56", "151"], ["53", "158"], ["30", "156"]]}, {"transcription": "###", "points": [["20", "159"], ["55", "159"], ["54", "167"], ["20", "165"]]}, {"transcription": "###", "points": [["108", "232"], ["133", "232"], ["132", "239"], ["107", "237"]]}, {"transcription": "###", "points": [["107", "238"], ["134", "240"], ["132", "245"], ["110", "243"]]}, {"transcription": "###", "points": [["108", "245"], ["134", "245"], ["133", "251"], ["110", "250"]]}, {"transcription": "###", "points": [["116", "251"], ["132", "252"], ["131", "258"], ["117", "257"]]}, {"transcription": "###", "points": [["110", "185"], ["135", "186"], ["135", "192"], ["110", "192"]]}, {"transcription": "###", "points": [["110", "193"], ["127", "193"], ["127", "201"], ["111", "200"]]}, {"transcription": "###", "points": [["603", "38"], ["626", "16"], ["630", "37"], ["604", "54"]]}]
, error happened with msg: module 'numpy' has no attribute 'bool'.
`np.bool` was a deprecated alias for the builtin `bool`. To avoid this error in existing code, use `bool` by itself. Doing this will not modify any behavior and is safe. If you specifically wanted the numpy scalar type, use `np.bool_` here.
The aliases was originally deprecated in NumPy 1.20; for more details and guidance see the original release note at:
    https://numpy.org/devdocs/release/1.20.0-notes.html#deprecations
[2023/10/06 09:26:49] root ERROR: When parsing line im0087.jpg	[{"transcription": "Cafe", "points": [["390", "285"], ["487", "286"], ["482", "391"], ["376", "391"]]}, {"transcription": "Song", "points": [["193", "376"], ["432", "412"], ["423", "581"], ["135", "576"]]}, {"transcription": "Anh", "points": [["451", "398"], ["623", "351"], ["654", "520"], ["435", "544"]]}]
, error happened with msg: module 'numpy' has no attribute 'bool'.
`np.bool` was a deprecated alias for the builtin `bool`. To avoid this error in existing code, use `bool` by itself. Doing this will not modify any behavior and is safe. If you specifically wanted the numpy scalar type, use `np.bool_` here.
The aliases was originally deprecated in NumPy 1.20; for more details and guidance see the original release note at:
    https://numpy.org/devdocs/release/1.20.0-notes.html#deprecations
[2023/10/06 09:26:50] root ERROR: When parsing line im0716.jpg	[{"transcription": "14", "points": [["1419", "2126"], ["1577", "2153"], ["1577", "2283"], ["1426", "2256"]]}]
, error happened with msg: module 'numpy' has no attribute 'bool'.
`np.bool` was a deprecated alias for the builtin `bool`. To avoid this error in existing code, use `bool` by itself. Doing this will not modify any behavior and is safe. If you specifically wanted the numpy scalar type, use `np.bool_` here.
The aliases was originally deprecated in NumPy 1.20; for more details and guidance see the original release note at:
    https://numpy.org/devdocs/release/1.20.0-notes.html#deprecations
[2023/10/06 09:26:53] root ERROR: When parsing line im0109.jpg	[{"transcription": "GA", "points": [["388", "288"], ["456", "286"], ["465", "332"], ["390", "332"]]}, {"transcription": "PHÚ", "points": [["485", "284"], ["611", "272"], ["606", "324"], ["489", "330"]]}, {"transcription": "XUYÊN", "points": [["635", "270"], ["843", "268"], ["844", "318"], ["634", "326"]]}]
, error happened with msg: module 'numpy' has no attribute 'bool'.
`np.bool` was a deprecated alias for the builtin `bool`. To avoid this error in existing code, use `bool` by itself. Doing this will not modify any behavior and is safe. If you specifically wanted the numpy scalar type, use `np.bool_` here.
The aliases was originally deprecated in NumPy 1.20; for more details and guidance see the original release note at:
    https://numpy.org/devdocs/release/1.20.0-notes.html#deprecations
[2023/10/06 09:26:53] root ERROR: When parsing line im1157.jpg	[{"transcription": "5", "points": [["319", "70"], ["345", "69"], ["348", "123"], ["323", "123"]]}, {"transcription": "km", "points": [["349", "94"], ["376", "92"], ["378", "119"], ["353", "123"]]}, {"transcription": "/", "points": [["377", "93"], ["385", "91"], ["385", "121"], ["377", "122"]]}, {"transcription": "h", "points": [["386", "93"], ["395", "92"], ["396", "116"], ["388", "117"]]}, {"transcription": "###", "points": [["45", "138"], ["75", "136"], ["75", "144"], ["46", "145"]]}, {"transcription": "###", "points": [["140", "153"], ["162", "151"], ["162", "154"], ["140", "156"]]}, {"transcription": "###", "points": [["169", "150"], ["182", "149"], ["182", "152"], ["170", "153"]]}, {"transcription": "###", "points": [["183", "148"], ["189", "148"], ["190", "151"], ["182", "152"]]}, {"transcription": "###", "points": [["190", "148"], ["196", "147"], ["196", "150"], ["190", "150"]]}, {"transcription": "###", "points": [["196", "147"], ["202", "147"], ["203", "150"], ["196", "150"]]}, {"transcription": "###", "points": [["202", "146"], ["216", "146"], ["216", "149"], ["203", "150"]]}, {"transcription": "###", "points": [["222", "146"], ["246", "144"], ["246", "146"], ["223", "148"]]}]
, error happened with msg: module 'numpy' has no attribute 'bool'.
`np.bool` was a deprecated alias for the builtin `bool`. To avoid this error in existing code, use `bool` by itself. Doing this will not modify any behavior and is safe. If you specifically wanted the numpy scalar type, use `np.bool_` here.
The aliases was originally deprecated in NumPy 1.20; for more details and guidance see the original release note at:
    https://numpy.org/devdocs/release/1.20.0-notes.html#deprecations
[2023/10/06 09:26:53] root ERROR: When parsing line im0084.jpg	[{"transcription": "Kính", "points": [["92", "85"], ["226", "84"], ["213", "139"], ["74", "140"]]}, {"transcription": "Chào", "points": [["252", "77"], ["414", "77"], ["403", "135"], ["241", "138"]]}, {"transcription": "Quý", "points": [["436", "73"], ["569", "74"], ["530", "143"], ["424", "132"]]}, {"transcription": "Khách", "points": [["591", "67"], ["804", "60"], ["788", "117"], ["571", "132"]]}]
, error happened with msg: module 'numpy' has no attribute 'bool'.
`np.bool` was a deprecated alias for the builtin `bool`. To avoid this error in existing code, use `bool` by itself. Doing this will not modify any behavior and is safe. If you specifically wanted the numpy scalar type, use `np.bool_` here.
The aliases was originally deprecated in NumPy 1.20; for more details and guidance see the original release note at:
    https://numpy.org/devdocs/release/1.20.0-notes.html#deprecations
[2023/10/06 09:26:54] root ERROR: When parsing line im0528.jpg	[{"transcription": "yêu", "points": [["298", "163"], ["394", "167"], ["388", "225"], ["299", "224"]]}, {"transcription": "XE", "points": [["445", "181"], ["501", "182"], ["498", "214"], ["442", "211"]]}, {"transcription": "là", "points": [["406", "279"], ["456", "280"], ["455", "328"], ["404", "325"]]}, {"transcription": "yêu", "points": [["467", "283"], ["568", "286"], ["567", "338"], ["468", "343"]]}, {"transcription": "SHELL", "points": [["610", "299"], ["697", "302"], ["696", "335"], ["609", "333"]]}, {"transcription": "MBM", "points": [["564", "456"], ["585", "458"], ["585", "467"], ["564", "466"]]}, {"transcription": "287", "points": [["564", "467"], ["586", "468"], ["583", "476"], ["563", "476"]]}, {"transcription": "4241", "points": [["647", "448"], ["672", "449"], ["672", "462"], ["646", "460"]]}, {"transcription": "0698", "points": [["337", "443"], ["363", "444"], ["361", "454"], ["337", "453"]]}, {"transcription": "Ka", "points": [["785", "216"], ["799", "218"], ["800", "251"], ["773", "250"]]}, {"transcription": "###", "points": [["442", "390"], ["457", "390"], ["457", "398"], ["441", "398"]]}, {"transcription": "###", "points": [["440", "502"], ["451", "501"], ["450", "506"], ["438", "506"]]}, {"transcription": "###", "points": [["439", "508"], ["452", "507"], ["451", "511"], ["437", "512"]]}, {"transcription": "###", "points": [["191", "386"], ["204", "386"], ["201", "393"], ["190", "393"]]}, {"transcription": "###", "points": [["180", "428"], ["191", "427"], ["191", "436"], ["178", "436"]]}, {"transcription": "###", "points": [["193", "428"], ["207", "428"], ["208", "435"], ["191", "436"]]}, {"transcription": "###", "points": [["159", "349"], ["164", "350"], ["165", "356"], ["158", "356"]]}]
, error happened with msg: module 'numpy' has no attribute 'bool'.
`np.bool` was a deprecated alias for the builtin `bool`. To avoid this error in existing code, use `bool` by itself. Doing this will not modify any behavior and is safe. If you specifically wanted the numpy scalar type, use `np.bool_` here.
The aliases was originally deprecated in NumPy 1.20; for more details and guidance see the original release note at:
    https://numpy.org/devdocs/release/1.20.0-notes.html#deprecations
[2023/10/06 09:26:56] root ERROR: When parsing line im0716.jpg	[{"transcription": "14", "points": [["1419", "2126"], ["1577", "2153"], ["1577", "2283"], ["1426", "2256"]]}]
, error happened with msg: module 'numpy' has no attribute 'bool'.
`np.bool` was a deprecated alias for the builtin `bool`. To avoid this error in existing code, use `bool` by itself. Doing this will not modify any behavior and is safe. If you specifically wanted the numpy scalar type, use `np.bool_` here.
The aliases was originally deprecated in NumPy 1.20; for more details and guidance see the original release note at:
    https://numpy.org/devdocs/release/1.20.0-notes.html#deprecations
[2023/10/06 09:26:56] root ERROR: When parsing line im0360.jpg	[{"transcription": "Cao", "points": [["5", "44"], ["260", "42"], ["249", "163"], ["5", "163"]]}, {"transcription": "Nguyên", "points": [["332", "40"], ["857", "37"], ["812", "199"], ["299", "197"]]}, {"transcription": "###", "points": [["189", "772"], ["199", "771"], ["200", "780"], ["189", "780"]]}, {"transcription": "###", "points": [["363", "725"], ["376", "725"], ["374", "734"], ["363", "734"]]}, {"transcription": "WARNING", "points": [["540", "543"], ["566", "543"], ["566", "549"], ["541", "549"]]}, {"transcription": "###", "points": [["544", "550"], ["547", "550"], ["547", "551"], ["544", "551"]]}, {"transcription": "###", "points": [["548", "550"], ["559", "550"], ["559", "551"], ["548", "551"]]}, {"transcription": "###", "points": [["560", "550"], ["564", "550"], ["564", "551"], ["560", "551"]]}, {"transcription": "###", "points": [["541", "552"], ["552", "552"], ["552", "553"], ["541", "553"]]}, {"transcription": "###", "points": [["553", "552"], ["555", "552"], ["555", "553"], ["553", "553"]]}, {"transcription": "###", "points": [["556", "552"], ["559", "552"], ["559", "553"], ["556", "553"]]}, {"transcription": "###", "points": [["559", "552"], ["562", "552"], ["562", "553"], ["559", "553"]]}, {"transcription": "###", "points": [["563", "552"], ["567", "552"], ["567", "553"], ["563", "553"]]}, {"transcription": "###", "points": [["543", "554"], ["557", "554"], ["557", "555"], ["543", "555"]]}, {"transcription": "###", "points": [["557", "553"], ["560", "553"], ["560", "555"], ["557", "555"]]}, {"transcription": "###", "points": [["561", "554"], ["565", "554"], ["565", "555"], ["561", "555"]]}, {"transcription": "###", "points": [["544", "556"], ["550", "556"], ["550", "557"], ["544", "557"]]}, {"transcription": "###", "points": [["552", "556"], ["559", "556"], ["559", "557"], ["552", "557"]]}, {"transcription": "###", "points": [["560", "556"], ["564", "556"], ["564", "557"], ["560", "557"]]}, {"transcription": "###", "points": [["542", "558"], ["551", "558"], ["551", "559"], ["542", "559"]]}, {"transcription": "###", "points": [["552", "558"], ["556", "558"], ["556", "559"], ["552", "559"]]}, {"transcription": "###", "points": [["557", "558"], ["565", "558"], ["565", "559"], ["557", "559"]]}, {"transcription": "WE", "points": [["666", "701"], ["682", "701"], ["681", "709"], ["665", "709"]]}, {"transcription": "###", "points": [["992", "663"], ["1002", "663"], ["1002", "666"], ["992", "666"]]}, {"transcription": "###", "points": [["990", "668"], ["1005", "668"], ["1005", "670"], ["990", "670"]]}, {"transcription": "###", "points": [["990", "671"], ["1005", "671"], ["1005", "676"], ["989", "676"]]}, {"transcription": "###", "points": [["990", "677"], ["997", "677"], ["997", "685"], ["990", "685"]]}, {"transcription": "###", "points": [["992", "685"], ["1005", "685"], ["1005", "687"], ["991", "687"]]}, {"transcription": "###", "points": [["1073", "623"], ["1097", "624"], ["1097", "626"], ["1073", "625"]]}, {"transcription": "###", "points": [["1070", "627"], ["1101", "627"], ["1100", "629"], ["1070", "629"]]}, {"transcription": "###", "points": [["1074", "635"], ["1096", "635"], ["1096", "640"], ["1074", "640"]]}, {"transcription": "###", "points": [["1068", "644"], ["1101", "644"], ["1101", "653"], ["1068", "652"]]}, {"transcription": "###", "points": [["1072", "679"], ["1110", "679"], ["1110", "684"], ["1072", "684"]]}]
, error happened with msg: module 'numpy' has no attribute 'bool'.
`np.bool` was a deprecated alias for the builtin `bool`. To avoid this error in existing code, use `bool` by itself. Doing this will not modify any behavior and is safe. If you specifically wanted the numpy scalar type, use `np.bool_` here.
The aliases was originally deprecated in NumPy 1.20; for more details and guidance see the original release note at:
    https://numpy.org/devdocs/release/1.20.0-notes.html#deprecations
[2023/10/06 09:26:57] root ERROR: When parsing line im0556.jpg	[{"transcription": "30", "points": [["349", "61"], ["402", "46"], ["408", "94"], ["352", "106"]]}, {"transcription": "20", "points": [["367", "148"], ["383", "146"], ["386", "168"], ["368", "171"]]}, {"transcription": "m", "points": [["386", "152"], ["401", "149"], ["403", "168"], ["388", "169"]]}, {"transcription": "###", "points": [["198", "229"], ["204", "229"], ["204", "235"], ["198", "235"]]}, {"transcription": "###", "points": [["208", "231"], ["214", "231"], ["214", "236"], ["207", "236"]]}, {"transcription": "###", "points": [["259", "234"], ["269", "233"], ["268", "238"], ["259", "238"]]}, {"transcription": "###", "points": [["65", "175"], ["98", "179"], ["96", "186"], ["65", "182"]]}, {"transcription": "###", "points": [["108", "189"], ["113", "189"], ["113", "193"], ["106", "193"]]}, {"transcription": "###", "points": [["106", "197"], ["112", "197"], ["112", "201"], ["106", "201"]]}, {"transcription": "###", "points": [["104", "215"], ["112", "215"], ["110", "221"], ["103", "221"]]}, {"transcription": "###", "points": [["171", "203"], ["182", "202"], ["182", "207"], ["171", "206"]]}, {"transcription": "###", "points": [["173", "215"], ["178", "216"], ["178", "218"], ["173", "218"]]}, {"transcription": "###", "points": [["172", "220"], ["177", "219"], ["177", "222"], ["173", "222"]]}, {"transcription": "###", "points": [["172", "224"], ["177", "224"], ["177", "226"], ["173", "225"]]}]
, error happened with msg: module 'numpy' has no attribute 'bool'.
`np.bool` was a deprecated alias for the builtin `bool`. To avoid this error in existing code, use `bool` by itself. Doing this will not modify any behavior and is safe. If you specifically wanted the numpy scalar type, use `np.bool_` here.
The aliases was originally deprecated in NumPy 1.20; for more details and guidance see the original release note at:
    https://numpy.org/devdocs/release/1.20.0-notes.html#deprecations
[2023/10/06 09:26:57] root ERROR: When parsing line im0528.jpg	[{"transcription": "yêu", "points": [["298", "163"], ["394", "167"], ["388", "225"], ["299", "224"]]}, {"transcription": "XE", "points": [["445", "181"], ["501", "182"], ["498", "214"], ["442", "211"]]}, {"transcription": "là", "points": [["406", "279"], ["456", "280"], ["455", "328"], ["404", "325"]]}, {"transcription": "yêu", "points": [["467", "283"], ["568", "286"], ["567", "338"], ["468", "343"]]}, {"transcription": "SHELL", "points": [["610", "299"], ["697", "302"], ["696", "335"], ["609", "333"]]}, {"transcription": "MBM", "points": [["564", "456"], ["585", "458"], ["585", "467"], ["564", "466"]]}, {"transcription": "287", "points": [["564", "467"], ["586", "468"], ["583", "476"], ["563", "476"]]}, {"transcription": "4241", "points": [["647", "448"], ["672", "449"], ["672", "462"], ["646", "460"]]}, {"transcription": "0698", "points": [["337", "443"], ["363", "444"], ["361", "454"], ["337", "453"]]}, {"transcription": "Ka", "points": [["785", "216"], ["799", "218"], ["800", "251"], ["773", "250"]]}, {"transcription": "###", "points": [["442", "390"], ["457", "390"], ["457", "398"], ["441", "398"]]}, {"transcription": "###", "points": [["440", "502"], ["451", "501"], ["450", "506"], ["438", "506"]]}, {"transcription": "###", "points": [["439", "508"], ["452", "507"], ["451", "511"], ["437", "512"]]}, {"transcription": "###", "points": [["191", "386"], ["204", "386"], ["201", "393"], ["190", "393"]]}, {"transcription": "###", "points": [["180", "428"], ["191", "427"], ["191", "436"], ["178", "436"]]}, {"transcription": "###", "points": [["193", "428"], ["207", "428"], ["208", "435"], ["191", "436"]]}, {"transcription": "###", "points": [["159", "349"], ["164", "350"], ["165", "356"], ["158", "356"]]}]
, error happened with msg: module 'numpy' has no attribute 'bool'.
`np.bool` was a deprecated alias for the builtin `bool`. To avoid this error in existing code, use `bool` by itself. Doing this will not modify any behavior and is safe. If you specifically wanted the numpy scalar type, use `np.bool_` here.
The aliases was originally deprecated in NumPy 1.20; for more details and guidance see the original release note at:
    https://numpy.org/devdocs/release/1.20.0-notes.html#deprecations
[2023/10/06 09:26:59] root ERROR: When parsing line im0714.jpg	[{"transcription": "34", "points": [["2549", "1297"], ["2729", "1215"], ["2785", "1328"], ["2600", "1411"]]}, {"transcription": "ÉP", "points": [["10", "2852"], ["72", "2832"], ["57", "2950"], ["5", "2960"]]}, {"transcription": "0912 86 26 79", "points": [["3069", "2996"], ["3264", "2940"], ["3269", "2976"], ["3094", "3032"]]}, {"transcription": "091", "points": [["3274", "2945"], ["3326", "2924"], ["3336", "2955"], ["3290", "2976"]]}, {"transcription": "26 79", "points": [["3388", "2924"], ["3470", "2883"], ["3480", "2919"], ["3398", "2950"]]}, {"transcription": "HÀ", "points": [["3367", "2960"], ["3470", "2935"], ["3552", "3084"], ["3424", "3115"]]}]
, error happened with msg: module 'numpy' has no attribute 'bool'.
`np.bool` was a deprecated alias for the builtin `bool`. To avoid this error in existing code, use `bool` by itself. Doing this will not modify any behavior and is safe. If you specifically wanted the numpy scalar type, use `np.bool_` here.
The aliases was originally deprecated in NumPy 1.20; for more details and guidance see the original release note at:
    https://numpy.org/devdocs/release/1.20.0-notes.html#deprecations
[2023/10/06 09:27:00] root ERROR: When parsing line im0462.jpg	[{"transcription": "THANG", "points": [["361", "86"], ["409", "68"], ["409", "85"], ["360", "104"]]}, {"transcription": "LONG", "points": [["414", "65"], ["461", "58"], ["460", "74"], ["413", "82"]]}, {"transcription": "UNIVERSITY", "points": [["468", "53"], ["569", "73"], ["564", "94"], ["465", "74"]]}]
, error happened with msg: module 'numpy' has no attribute 'bool'.
`np.bool` was a deprecated alias for the builtin `bool`. To avoid this error in existing code, use `bool` by itself. Doing this will not modify any behavior and is safe. If you specifically wanted the numpy scalar type, use `np.bool_` here.
The aliases was originally deprecated in NumPy 1.20; for more details and guidance see the original release note at:
    https://numpy.org/devdocs/release/1.20.0-notes.html#deprecations
[2023/10/06 09:27:01] root ERROR: When parsing line im0335.jpg	[{"transcription": "TRUNG", "points": [["203", "154"], ["339", "151"], ["339", "191"], ["202", "189"]]}, {"transcription": "NGUYÊN", "points": [["160", "190"], ["392", "192"], ["392", "263"], ["159", "259"]]}, {"transcription": "COFFEE", "points": [["225", "294"], ["327", "296"], ["327", "317"], ["225", "317"]]}]
, error happened with msg: module 'numpy' has no attribute 'bool'.
`np.bool` was a deprecated alias for the builtin `bool`. To avoid this error in existing code, use `bool` by itself. Doing this will not modify any behavior and is safe. If you specifically wanted the numpy scalar type, use `np.bool_` here.
The aliases was originally deprecated in NumPy 1.20; for more details and guidance see the original release note at:
    https://numpy.org/devdocs/release/1.20.0-notes.html#deprecations
[2023/10/06 09:27:05] root ERROR: When parsing line im0046.jpg	[{"transcription": "50", "points": [["200", "179"], ["248", "178"], ["248", "230"], ["197", "228"]]}, {"transcription": "XE", "points": [["230", "329"], ["239", "330"], ["240", "342"], ["232", "340"]]}, {"transcription": "2", "points": [["240", "332"], ["245", "332"], ["245", "341"], ["241", "341"]]}, {"transcription": "VÀ", "points": [["246", "332"], ["253", "332"], ["254", "343"], ["246", "342"]]}, {"transcription": "3", "points": [["233", "345"], ["238", "346"], ["237", "355"], ["234", "354"]]}, {"transcription": "BÁNH", "points": [["240", "344"], ["253", "348"], ["253", "358"], ["238", "355"]]}, {"transcription": "###", "points": [["316", "125"], ["324", "125"], ["324", "129"], ["317", "129"]]}, {"transcription": "###", "points": [["368", "124"], ["376", "124"], ["376", "128"], ["368", "128"]]}, {"transcription": "###", "points": [["424", "123"], ["431", "124"], ["432", "127"], ["423", "127"]]}, {"transcription": "###", "points": [["471", "174"], ["479", "174"], ["479", "177"], ["471", "177"]]}, {"transcription": "###", "points": [["468", "178"], ["482", "178"], ["482", "181"], ["468", "181"]]}, {"transcription": "###", "points": [["600", "119"], ["610", "119"], ["610", "124"], ["600", "124"]]}, {"transcription": "###", "points": [["533", "121"], ["542", "121"], ["542", "125"], ["533", "126"]]}]
, error happened with msg: module 'numpy' has no attribute 'bool'.
`np.bool` was a deprecated alias for the builtin `bool`. To avoid this error in existing code, use `bool` by itself. Doing this will not modify any behavior and is safe. If you specifically wanted the numpy scalar type, use `np.bool_` here.
The aliases was originally deprecated in NumPy 1.20; for more details and guidance see the original release note at:
    https://numpy.org/devdocs/release/1.20.0-notes.html#deprecations
[2023/10/06 09:27:06] root ERROR: When parsing line im0452.jpg	[{"transcription": "TRANH", "points": [["96", "213"], ["400", "193"], ["400", "292"], ["97", "310"]]}, {"transcription": "THUÊ", "points": [["422", "169"], ["680", "151"], ["684", "278"], ["423", "291"]]}, {"transcription": "MINH", "points": [["62", "341"], ["370", "324"], ["372", "495"], ["55", "510"]]}, {"transcription": "MINH", "points": [["393", "321"], ["718", "304"], ["726", "478"], ["394", "493"]]}]
, error happened with msg: module 'numpy' has no attribute 'bool'.
`np.bool` was a deprecated alias for the builtin `bool`. To avoid this error in existing code, use `bool` by itself. Doing this will not modify any behavior and is safe. If you specifically wanted the numpy scalar type, use `np.bool_` here.
The aliases was originally deprecated in NumPy 1.20; for more details and guidance see the original release note at:
    https://numpy.org/devdocs/release/1.20.0-notes.html#deprecations
[2023/10/06 09:27:06] root ERROR: When parsing line im0484.jpg	[{"transcription": "Xuân", "points": [["294", "68"], ["441", "56"], ["435", "104"], ["304", "122"]]}, {"transcription": "2014", "points": [["464", "55"], ["568", "78"], ["553", "126"], ["448", "106"]]}, {"transcription": "Xuân", "points": [["368", "236"], ["454", "224"], ["450", "253"], ["375", "267"]]}, {"transcription": "2014", "points": [["467", "222"], ["533", "238"], ["522", "266"], ["459", "253"]]}]
, error happened with msg: module 'numpy' has no attribute 'bool'.
`np.bool` was a deprecated alias for the builtin `bool`. To avoid this error in existing code, use `bool` by itself. Doing this will not modify any behavior and is safe. If you specifically wanted the numpy scalar type, use `np.bool_` here.
The aliases was originally deprecated in NumPy 1.20; for more details and guidance see the original release note at:
    https://numpy.org/devdocs/release/1.20.0-notes.html#deprecations
[2023/10/06 09:27:07] root ERROR: When parsing line im0698.jpg	[{"transcription": "88", "points": [["791", "1867"], ["959", "1842"], ["942", "1985"], ["774", "1993"]]}, {"transcription": "###", "points": [["50", "2456"], ["118", "2464"], ["135", "2548"], ["50", "2540"]]}, {"transcription": "###", "points": [["135", "2464"], ["210", "2481"], ["210", "2548"], ["160", "2548"]]}]
, error happened with msg: module 'numpy' has no attribute 'bool'.
`np.bool` was a deprecated alias for the builtin `bool`. To avoid this error in existing code, use `bool` by itself. Doing this will not modify any behavior and is safe. If you specifically wanted the numpy scalar type, use `np.bool_` here.
The aliases was originally deprecated in NumPy 1.20; for more details and guidance see the original release note at:
    https://numpy.org/devdocs/release/1.20.0-notes.html#deprecations
[2023/10/06 09:27:08] root ERROR: When parsing line im0714.jpg	[{"transcription": "34", "points": [["2549", "1297"], ["2729", "1215"], ["2785", "1328"], ["2600", "1411"]]}, {"transcription": "ÉP", "points": [["10", "2852"], ["72", "2832"], ["57", "2950"], ["5", "2960"]]}, {"transcription": "0912 86 26 79", "points": [["3069", "2996"], ["3264", "2940"], ["3269", "2976"], ["3094", "3032"]]}, {"transcription": "091", "points": [["3274", "2945"], ["3326", "2924"], ["3336", "2955"], ["3290", "2976"]]}, {"transcription": "26 79", "points": [["3388", "2924"], ["3470", "2883"], ["3480", "2919"], ["3398", "2950"]]}, {"transcription": "HÀ", "points": [["3367", "2960"], ["3470", "2935"], ["3552", "3084"], ["3424", "3115"]]}]
, error happened with msg: module 'numpy' has no attribute 'bool'.
`np.bool` was a deprecated alias for the builtin `bool`. To avoid this error in existing code, use `bool` by itself. Doing this will not modify any behavior and is safe. If you specifically wanted the numpy scalar type, use `np.bool_` here.
The aliases was originally deprecated in NumPy 1.20; for more details and guidance see the original release note at:
    https://numpy.org/devdocs/release/1.20.0-notes.html#deprecations
[2023/10/06 09:27:10] root ERROR: When parsing line im0634.jpg	[{"transcription": "AN", "points": [["514", "282"], ["548", "282"], ["547", "301"], ["510", "299"]]}, {"transcription": "KHÁNH", "points": [["555", "278"], ["647", "277"], ["649", "304"], ["556", "301"]]}, {"transcription": "GYM", "points": [["552", "305"], ["606", "305"], ["606", "322"], ["551", "320"]]}, {"transcription": "AN", "points": [["466", "300"], ["477", "300"], ["476", "306"], ["465", "306"]]}, {"transcription": "KHÁNH", "points": [["478", "299"], ["500", "299"], ["500", "308"], ["477", "308"]]}, {"transcription": "###", "points": [["644", "318"], ["692", "317"], ["692", "326"], ["645", "325"]]}, {"transcription": "###", "points": [["31", "609"], ["59", "609"], ["58", "615"], ["32", "613"]]}, {"transcription": "AN", "points": [["37", "617"], ["49", "617"], ["49", "626"], ["35", "624"]]}, {"transcription": "KHÁNH", "points": [["28", "627"], ["55", "627"], ["55", "634"], ["26", "634"]]}, {"transcription": "###", "points": [["327", "626"], ["345", "626"], ["344", "638"], ["326", "638"]]}, {"transcription": "###", "points": [["367", "561"], ["397", "558"], ["397", "563"], ["368", "567"]]}, {"transcription": "###", "points": [["367", "568"], ["396", "564"], ["394", "573"], ["368", "575"]]}, {"transcription": "###", "points": [["365", "636"], ["389", "634"], ["388", "639"], ["365", "641"]]}, {"transcription": "GYM", "points": [["654", "607"], ["676", "606"], ["676", "615"], ["653", "617"]]}, {"transcription": "AN", "points": [["648", "619"], ["657", "619"], ["658", "631"], ["646", "631"]]}, {"transcription": "###", "points": [["657", "616"], ["680", "616"], ["680", "630"], ["660", "631"]]}, {"transcription": "###", "points": [["647", "633"], ["668", "630"], ["668", "641"], ["649", "641"]]}, {"transcription": "###", "points": [["668", "631"], ["680", "631"], ["680", "641"], ["669", "641"]]}, {"transcription": "###", "points": [["697", "591"], ["718", "590"], ["718", "600"], ["698", "600"]]}, {"transcription": "###", "points": [["697", "601"], ["719", "600"], ["719", "604"], ["696", "604"]]}, {"transcription": "###", "points": [["696", "608"], ["720", "608"], ["721", "617"], ["697", "617"]]}, {"transcription": "###", "points": [["819", "549"], ["842", "546"], ["842", "557"], ["823", "562"]]}, {"transcription": "###", "points": [["1023", "672"], ["1044", "670"], ["1044", "677"], ["1023", "676"]]}, {"transcription": "###", "points": [["1057", "670"], ["1076", "670"], ["1075", "678"], ["1057", "676"]]}, {"transcription": "###", "points": [["1039", "688"], ["1066", "687"], ["1066", "695"], ["1039", "693"]]}, {"transcription": "###", "points": [["404", "463"], ["426", "459"], ["426", "467"], ["402", "472"]]}, {"transcription": "###", "points": [["406", "477"], ["413", "477"], ["416", "489"], ["402", "493"]]}]
, error happened with msg: module 'numpy' has no attribute 'bool'.
`np.bool` was a deprecated alias for the builtin `bool`. To avoid this error in existing code, use `bool` by itself. Doing this will not modify any behavior and is safe. If you specifically wanted the numpy scalar type, use `np.bool_` here.
The aliases was originally deprecated in NumPy 1.20; for more details and guidance see the original release note at:
    https://numpy.org/devdocs/release/1.20.0-notes.html#deprecations
[2023/10/06 09:27:10] root ERROR: When parsing line im1192.jpg	[{"transcription": "tima", "points": [["1255", "1173"], ["2921", "1248"], ["3003", "1762"], ["1296", "1735"]]}, {"transcription": "Vay", "points": [["1584", "1824"], ["2078", "1838"], ["2085", "2043"], ["1625", "2050"]]}, {"transcription": "trong", "points": [["2160", "1803"], ["2777", "1824"], ["2805", "2064"], ["2174", "2071"]]}, {"transcription": "ngày", "points": [["2894", "1838"], ["3394", "1831"], ["3422", "2057"], ["2866", "2057"]]}]
, error happened with msg: module 'numpy' has no attribute 'bool'.
`np.bool` was a deprecated alias for the builtin `bool`. To avoid this error in existing code, use `bool` by itself. Doing this will not modify any behavior and is safe. If you specifically wanted the numpy scalar type, use `np.bool_` here.
The aliases was originally deprecated in NumPy 1.20; for more details and guidance see the original release note at:
    https://numpy.org/devdocs/release/1.20.0-notes.html#deprecations
[2023/10/06 09:27:10] root ERROR: When parsing line im1107.jpg	[{"transcription": "QL9", "points": [["595", "53"], ["663", "49"], ["660", "95"], ["597", "93"]]}, {"transcription": "A", "points": [["681", "45"], ["704", "47"], ["703", "85"], ["675", "88"]]}, {"transcription": "16", "points": [["730", "39"], ["775", "41"], ["777", "81"], ["733", "84"]]}, {"transcription": "###", "points": [["708", "47"], ["726", "46"], ["730", "76"], ["706", "81"]]}, {"transcription": "Km", "points": [["595", "118"], ["689", "115"], ["689", "179"], ["598", "181"]]}, {"transcription": "5", "points": [["696", "111"], ["737", "111"], ["737", "177"], ["698", "180"]]}, {"transcription": "0", "points": [["745", "110"], ["780", "109"], ["785", "177"], ["745", "177"]]}, {"transcription": "KHE", "points": [["538", "261"], ["661", "255"], ["667", "349"], ["540", "353"]]}, {"transcription": "SANH", "points": [["673", "255"], ["854", "250"], ["857", "347"], ["677", "351"]]}]
, error happened with msg: module 'numpy' has no attribute 'bool'.
`np.bool` was a deprecated alias for the builtin `bool`. To avoid this error in existing code, use `bool` by itself. Doing this will not modify any behavior and is safe. If you specifically wanted the numpy scalar type, use `np.bool_` here.
The aliases was originally deprecated in NumPy 1.20; for more details and guidance see the original release note at:
    https://numpy.org/devdocs/release/1.20.0-notes.html#deprecations
[2023/10/06 09:27:11] root ERROR: When parsing line im1192.jpg	[{"transcription": "tima", "points": [["1255", "1173"], ["2921", "1248"], ["3003", "1762"], ["1296", "1735"]]}, {"transcription": "Vay", "points": [["1584", "1824"], ["2078", "1838"], ["2085", "2043"], ["1625", "2050"]]}, {"transcription": "trong", "points": [["2160", "1803"], ["2777", "1824"], ["2805", "2064"], ["2174", "2071"]]}, {"transcription": "ngày", "points": [["2894", "1838"], ["3394", "1831"], ["3422", "2057"], ["2866", "2057"]]}]
, error happened with msg: module 'numpy' has no attribute 'bool'.
`np.bool` was a deprecated alias for the builtin `bool`. To avoid this error in existing code, use `bool` by itself. Doing this will not modify any behavior and is safe. If you specifically wanted the numpy scalar type, use `np.bool_` here.
The aliases was originally deprecated in NumPy 1.20; for more details and guidance see the original release note at:
    https://numpy.org/devdocs/release/1.20.0-notes.html#deprecations
[2023/10/06 09:27:13] root ERROR: When parsing line im0634.jpg	[{"transcription": "AN", "points": [["514", "282"], ["548", "282"], ["547", "301"], ["510", "299"]]}, {"transcription": "KHÁNH", "points": [["555", "278"], ["647", "277"], ["649", "304"], ["556", "301"]]}, {"transcription": "GYM", "points": [["552", "305"], ["606", "305"], ["606", "322"], ["551", "320"]]}, {"transcription": "AN", "points": [["466", "300"], ["477", "300"], ["476", "306"], ["465", "306"]]}, {"transcription": "KHÁNH", "points": [["478", "299"], ["500", "299"], ["500", "308"], ["477", "308"]]}, {"transcription": "###", "points": [["644", "318"], ["692", "317"], ["692", "326"], ["645", "325"]]}, {"transcription": "###", "points": [["31", "609"], ["59", "609"], ["58", "615"], ["32", "613"]]}, {"transcription": "AN", "points": [["37", "617"], ["49", "617"], ["49", "626"], ["35", "624"]]}, {"transcription": "KHÁNH", "points": [["28", "627"], ["55", "627"], ["55", "634"], ["26", "634"]]}, {"transcription": "###", "points": [["327", "626"], ["345", "626"], ["344", "638"], ["326", "638"]]}, {"transcription": "###", "points": [["367", "561"], ["397", "558"], ["397", "563"], ["368", "567"]]}, {"transcription": "###", "points": [["367", "568"], ["396", "564"], ["394", "573"], ["368", "575"]]}, {"transcription": "###", "points": [["365", "636"], ["389", "634"], ["388", "639"], ["365", "641"]]}, {"transcription": "GYM", "points": [["654", "607"], ["676", "606"], ["676", "615"], ["653", "617"]]}, {"transcription": "AN", "points": [["648", "619"], ["657", "619"], ["658", "631"], ["646", "631"]]}, {"transcription": "###", "points": [["657", "616"], ["680", "616"], ["680", "630"], ["660", "631"]]}, {"transcription": "###", "points": [["647", "633"], ["668", "630"], ["668", "641"], ["649", "641"]]}, {"transcription": "###", "points": [["668", "631"], ["680", "631"], ["680", "641"], ["669", "641"]]}, {"transcription": "###", "points": [["697", "591"], ["718", "590"], ["718", "600"], ["698", "600"]]}, {"transcription": "###", "points": [["697", "601"], ["719", "600"], ["719", "604"], ["696", "604"]]}, {"transcription": "###", "points": [["696", "608"], ["720", "608"], ["721", "617"], ["697", "617"]]}, {"transcription": "###", "points": [["819", "549"], ["842", "546"], ["842", "557"], ["823", "562"]]}, {"transcription": "###", "points": [["1023", "672"], ["1044", "670"], ["1044", "677"], ["1023", "676"]]}, {"transcription": "###", "points": [["1057", "670"], ["1076", "670"], ["1075", "678"], ["1057", "676"]]}, {"transcription": "###", "points": [["1039", "688"], ["1066", "687"], ["1066", "695"], ["1039", "693"]]}, {"transcription": "###", "points": [["404", "463"], ["426", "459"], ["426", "467"], ["402", "472"]]}, {"transcription": "###", "points": [["406", "477"], ["413", "477"], ["416", "489"], ["402", "493"]]}]
, error happened with msg: module 'numpy' has no attribute 'bool'.
`np.bool` was a deprecated alias for the builtin `bool`. To avoid this error in existing code, use `bool` by itself. Doing this will not modify any behavior and is safe. If you specifically wanted the numpy scalar type, use `np.bool_` here.
The aliases was originally deprecated in NumPy 1.20; for more details and guidance see the original release note at:
    https://numpy.org/devdocs/release/1.20.0-notes.html#deprecations
